2025-06-04 01:10:13 - INFO - Получение всех товаров...
2025-06-04 01:10:16 - INFO - Ограничено до 30 товаров для обработки
2025-06-04 01:10:16 - INFO - Найденные бренды:
2025-06-04 01:10:16 - DEBUG - 1. 11Б27п1
2025-06-04 01:10:16 - DEBUG - 2. Koer
2025-06-04 01:10:16 - DEBUG - 3. LD PRIDE
2025-06-04 01:10:16 - DEBUG - 4. MAK
2025-06-04 01:10:16 - DEBUG - 5. STM
2025-06-04 01:10:16 - DEBUG - 6. TIM
2025-06-04 01:10:16 - DEBUG - 7. Valtec
2025-06-04 01:10:16 - DEBUG - 8. WateMixx
2025-06-04 01:10:16 - DEBUG - 9. Краны шаровые
2025-06-04 01:10:16 - DEBUG - 10. Промтехно
2025-06-04 01:10:16 - DEBUG - 11. Путь Воды
2025-06-04 01:10:16 - DEBUG - 12. РИГЕЛЬСИБ
2025-06-04 01:10:16 - DEBUG - 13. САНАКС
2025-06-04 01:10:16 - DEBUG - 14. СТМ
2025-06-04 01:10:16 - DEBUG - 15. Сантех-09
2025-06-04 01:10:16 - DEBUG - 16. СантехОПТ
2025-06-04 01:10:16 - INFO - Всего брендов: 16
2025-06-04 01:10:16 - INFO - Данные сохранены в wildberries_products.json
2025-06-04 01:10:16 - DEBUG - 1st_width: 10.959, 2nd_width: 25.29, 3rd_width: 50.58
2025-06-04 01:10:16 - DEBUG - Установлена ширина 10.959 для столбца ID (A)
2025-06-04 01:10:16 - DEBUG - Установлена ширина 50.58 для столбца Название (B)
2025-06-04 01:10:16 - DEBUG - Установлена ширина 10.959 для столбца Бренд (C)
2025-06-04 01:10:16 - DEBUG - Установлена ширина 50.58 для столбца URL (D)
2025-06-04 01:10:16 - DEBUG - Установлена ширина 10.959 для столбца Обычная цена (E)
2025-06-04 01:10:16 - DEBUG - Установлена ширина 10.959 для столбца Цена по ВБ Карте (F)
2025-06-04 01:10:16 - DEBUG - Установлена ширина 10.959 для столбца Цена без ВБ Карты (G)
2025-06-04 01:10:16 - DEBUG - Установлена ширина 10.959 для столбца Артикул (H)
2025-06-04 01:10:16 - DEBUG - Установлена ширина 25.29 для столбца Поставщик(продавец) (K)
2025-06-04 01:10:16 - INFO - Excel файл успешно создан: wildberries_products.xlsx
2025-06-04 01:16:43 - INFO - Получение всех товаров...
2025-06-04 01:16:51 - INFO - Ограничено до 500 товаров для обработки
2025-06-04 01:16:51 - INFO - Найденные бренды:
2025-06-04 01:16:51 - DEBUG - 1. 
2025-06-04 01:16:51 - DEBUG - 2. 11Б27п1
2025-06-04 01:16:51 - DEBUG - 3. ARMA
2025-06-04 01:16:51 - DEBUG - 4. Arco
2025-06-04 01:16:51 - DEBUG - 5. AutoButik
2025-06-04 01:16:51 - DEBUG - 6. CranesMag
2025-06-04 01:16:51 - DEBUG - 7. ECO
2025-06-04 01:16:51 - DEBUG - 8. GFAYT
2025-06-04 01:16:51 - DEBUG - 9. HEISSKRAFT
2025-06-04 01:16:51 - DEBUG - 10. HONEST-MARKET
2025-06-04 01:16:51 - DEBUG - 11. Haiba
2025-06-04 01:16:51 - DEBUG - 12. Koer
2025-06-04 01:16:51 - DEBUG - 13. LD
2025-06-04 01:16:51 - DEBUG - 14. LD PRIDE
2025-06-04 01:16:51 - DEBUG - 15. LD-Pride
2025-06-04 01:16:51 - DEBUG - 16. LEDEME
2025-06-04 01:16:51 - DEBUG - 17. MAK
2025-06-04 01:16:51 - DEBUG - 18. MELAV
2025-06-04 01:16:51 - DEBUG - 19. MasterProf
2025-06-04 01:16:51 - DEBUG - 20. Novogas
2025-06-04 01:16:51 - DEBUG - 21. ONDO
2025-06-04 01:16:51 - DEBUG - 22. Oventrop
2025-06-04 01:16:51 - DEBUG - 23. PRO AQUA
2025-06-04 01:16:51 - DEBUG - 24. ROMMER
2025-06-04 01:16:51 - DEBUG - 25. RTP
2025-06-04 01:16:51 - DEBUG - 26. RUS
2025-06-04 01:16:51 - DEBUG - 27. Rockforce
2025-06-04 01:16:51 - DEBUG - 28. S.T.I
2025-06-04 01:16:51 - DEBUG - 29. SMS
2025-06-04 01:16:51 - DEBUG - 30. SMS.
2025-06-04 01:16:51 - DEBUG - 31. STM
2025-06-04 01:16:51 - DEBUG - 32. STOUT
2025-06-04 01:16:51 - DEBUG - 33. TIM
2025-06-04 01:16:51 - DEBUG - 34. Temper
2025-06-04 01:16:51 - DEBUG - 35. VALFEX
2025-06-04 01:16:51 - DEBUG - 36. Valtec
2025-06-04 01:16:51 - DEBUG - 37. WateMixx
2025-06-04 01:16:51 - DEBUG - 38. Zegor
2025-06-04 01:16:51 - DEBUG - 39. armStroy
2025-06-04 01:16:51 - DEBUG - 40. БАЗ
2025-06-04 01:16:51 - DEBUG - 41. Бологое
2025-06-04 01:16:51 - DEBUG - 42. ГАЛЛОП
2025-06-04 01:16:51 - DEBUG - 43. Кран шаровый
2025-06-04 01:16:51 - DEBUG - 44. Краны шаровые
2025-06-04 01:16:51 - DEBUG - 45. МАК
2025-06-04 01:16:51 - DEBUG - 46. Мужское хобби
2025-06-04 01:16:51 - DEBUG - 47. Нет бренда
2025-06-04 01:16:51 - DEBUG - 48. Промтехно
2025-06-04 01:16:51 - DEBUG - 49. Профитт
2025-06-04 01:16:51 - DEBUG - 50. Путь Воды
2025-06-04 01:16:51 - DEBUG - 51. РИГЕЛЬСИБ
2025-06-04 01:16:51 - DEBUG - 52. РемоКолор
2025-06-04 01:16:51 - DEBUG - 53. Ригель-СИб
2025-06-04 01:16:51 - DEBUG - 54. Роскомфорт
2025-06-04 01:16:51 - DEBUG - 55. САНАКС
2025-06-04 01:16:51 - DEBUG - 56. СТМ
2025-06-04 01:16:51 - DEBUG - 57. Сантех-09
2025-06-04 01:16:51 - DEBUG - 58. СантехОПТ
2025-06-04 01:16:51 - DEBUG - 59. ЦВЕТЛИТ
2025-06-04 01:16:51 - INFO - Всего брендов: 59
2025-06-04 01:16:51 - INFO - Данные сохранены в wildberries_products.json
2025-06-04 01:16:51 - DEBUG - 1st_width: 10.959, 2nd_width: 25.29, 3rd_width: 50.58
2025-06-04 01:16:51 - DEBUG - Установлена ширина 10.959 для столбца ID (A)
2025-06-04 01:16:51 - DEBUG - Установлена ширина 50.58 для столбца Название (B)
2025-06-04 01:16:51 - DEBUG - Установлена ширина 10.959 для столбца Бренд (C)
2025-06-04 01:16:51 - DEBUG - Установлена ширина 50.58 для столбца URL (D)
2025-06-04 01:16:51 - DEBUG - Установлена ширина 10.959 для столбца Обычная цена (E)
2025-06-04 01:16:51 - DEBUG - Установлена ширина 10.959 для столбца Цена по ВБ Карте (F)
2025-06-04 01:16:51 - DEBUG - Установлена ширина 10.959 для столбца Цена без ВБ Карты (G)
2025-06-04 01:16:51 - DEBUG - Установлена ширина 10.959 для столбца Артикул (H)
2025-06-04 01:16:51 - DEBUG - Установлена ширина 25.29 для столбца Поставщик(продавец) (K)
2025-06-04 01:16:51 - INFO - Excel файл успешно создан: wildberries_products.xlsx
2025-06-04 01:30:52 - INFO - Получение всех товаров...
2025-06-04 01:30:53 - INFO - Ограничено до 0 товаров для обработки
2025-06-04 01:30:53 - INFO - Найденные бренды:
2025-06-04 01:30:53 - INFO - Всего брендов: 0
2025-06-04 01:30:53 - INFO - Данные сохранены в wildberries_products.json
2025-06-04 01:30:53 - DEBUG - 1st_width: 10.959, 2nd_width: 25.29, 3rd_width: 50.58
2025-06-04 01:30:53 - INFO - Excel файл успешно создан: wildberries_products.xlsx
2025-06-04 01:34:08 - INFO - Получение всех товаров...
2025-06-04 01:34:16 - INFO - Ограничено до 500 товаров для обработки
2025-06-04 01:34:16 - INFO - Найденные бренды:
2025-06-04 01:34:16 - DEBUG - 1. 
2025-06-04 01:34:16 - DEBUG - 2. 11Б27п1
2025-06-04 01:34:16 - DEBUG - 3. ARMA
2025-06-04 01:34:16 - DEBUG - 4. Arco
2025-06-04 01:34:16 - DEBUG - 5. AutoButik
2025-06-04 01:34:16 - DEBUG - 6. CranesMag
2025-06-04 01:34:16 - DEBUG - 7. ECO
2025-06-04 01:34:16 - DEBUG - 8. GFAYT
2025-06-04 01:34:16 - DEBUG - 9. HEISSKRAFT
2025-06-04 01:34:16 - DEBUG - 10. HONEST-MARKET
2025-06-04 01:34:16 - DEBUG - 11. Haiba
2025-06-04 01:34:16 - DEBUG - 12. Koer
2025-06-04 01:34:16 - DEBUG - 13. LD
2025-06-04 01:34:16 - DEBUG - 14. LD PRIDE
2025-06-04 01:34:16 - DEBUG - 15. LD-Pride
2025-06-04 01:34:16 - DEBUG - 16. LEDEME
2025-06-04 01:34:16 - DEBUG - 17. MAK
2025-06-04 01:34:16 - DEBUG - 18. MELAV
2025-06-04 01:34:16 - DEBUG - 19. MasterProf
2025-06-04 01:34:16 - DEBUG - 20. Novogas
2025-06-04 01:34:16 - DEBUG - 21. ONDO
2025-06-04 01:34:16 - DEBUG - 22. Oventrop
2025-06-04 01:34:16 - DEBUG - 23. PRO AQUA
2025-06-04 01:34:16 - DEBUG - 24. ROMMER
2025-06-04 01:34:16 - DEBUG - 25. RTP
2025-06-04 01:34:16 - DEBUG - 26. RUS
2025-06-04 01:34:16 - DEBUG - 27. Rockforce
2025-06-04 01:34:16 - DEBUG - 28. S.T.I
2025-06-04 01:34:16 - DEBUG - 29. SMS
2025-06-04 01:34:16 - DEBUG - 30. SMS.
2025-06-04 01:34:16 - DEBUG - 31. STM
2025-06-04 01:34:16 - DEBUG - 32. STOUT
2025-06-04 01:34:16 - DEBUG - 33. TIM
2025-06-04 01:34:16 - DEBUG - 34. Temper
2025-06-04 01:34:16 - DEBUG - 35. VALFEX
2025-06-04 01:34:16 - DEBUG - 36. Valtec
2025-06-04 01:34:16 - DEBUG - 37. WateMixx
2025-06-04 01:34:16 - DEBUG - 38. Zegor
2025-06-04 01:34:16 - DEBUG - 39. armStroy
2025-06-04 01:34:16 - DEBUG - 40. БАЗ
2025-06-04 01:34:16 - DEBUG - 41. Бологое
2025-06-04 01:34:16 - DEBUG - 42. ГАЛЛОП
2025-06-04 01:34:16 - DEBUG - 43. Кран шаровый
2025-06-04 01:34:16 - DEBUG - 44. Краны шаровые
2025-06-04 01:34:16 - DEBUG - 45. МАК
2025-06-04 01:34:16 - DEBUG - 46. Мужское хобби
2025-06-04 01:34:16 - DEBUG - 47. Нет бренда
2025-06-04 01:34:16 - DEBUG - 48. Промтехно
2025-06-04 01:34:16 - DEBUG - 49. Профитт
2025-06-04 01:34:16 - DEBUG - 50. Путь Воды
2025-06-04 01:34:16 - DEBUG - 51. РИГЕЛЬСИБ
2025-06-04 01:34:16 - DEBUG - 52. РемоКолор
2025-06-04 01:34:16 - DEBUG - 53. Ригель-СИб
2025-06-04 01:34:16 - DEBUG - 54. Роскомфорт
2025-06-04 01:34:16 - DEBUG - 55. САНАКС
2025-06-04 01:34:16 - DEBUG - 56. СТМ
2025-06-04 01:34:16 - DEBUG - 57. Сантех-09
2025-06-04 01:34:16 - DEBUG - 58. СантехОПТ
2025-06-04 01:34:16 - DEBUG - 59. ЦВЕТЛИТ
2025-06-04 01:34:16 - INFO - Всего брендов: 59
2025-06-04 01:34:16 - INFO - Данные сохранены в wildberries_products.json
2025-06-04 01:34:16 - DEBUG - 1st_width: 10.959, 2nd_width: 25.29, 3rd_width: 50.58
2025-06-04 01:34:16 - DEBUG - Установлена ширина 10.959 для столбца ID (A)
2025-06-04 01:34:16 - DEBUG - Установлена ширина 50.58 для столбца Название (B)
2025-06-04 01:34:16 - DEBUG - Установлена ширина 10.959 для столбца Бренд (C)
2025-06-04 01:34:16 - DEBUG - Установлена ширина 50.58 для столбца URL (D)
2025-06-04 01:34:16 - DEBUG - Установлена ширина 10.959 для столбца Обычная цена (E)
2025-06-04 01:34:16 - DEBUG - Установлена ширина 10.959 для столбца Цена по ВБ Карте (F)
2025-06-04 01:34:16 - DEBUG - Установлена ширина 10.959 для столбца Цена без ВБ Карты (G)
2025-06-04 01:34:16 - DEBUG - Установлена ширина 10.959 для столбца Артикул (H)
2025-06-04 01:34:16 - DEBUG - Установлена ширина 25.29 для столбца Поставщик(продавец) (K)
2025-06-04 01:34:16 - INFO - Excel файл успешно создан: wildberries_products.xlsx
